<!DOCTYPE html>
<html>
  <head>
    <meta charset="utf-8"/>
    <title>Test Report</title>
    <link href="assets/style.css" rel="stylesheet" type="text/css"/></head>
  <body onLoad="init()">
    <script>/* This Source Code Form is subject to the terms of the Mozilla Public
 * License, v. 2.0. If a copy of the MPL was not distributed with this file,
 * You can obtain one at http://mozilla.org/MPL/2.0/. */


function toArray(iter) {
    if (iter === null) {
        return null;
    }
    return Array.prototype.slice.call(iter);
}

function find(selector, elem) { // eslint-disable-line no-redeclare
    if (!elem) {
        elem = document;
    }
    return elem.querySelector(selector);
}

function findAll(selector, elem) {
    if (!elem) {
        elem = document;
    }
    return toArray(elem.querySelectorAll(selector));
}

function sortColumn(elem) {
    toggleSortStates(elem);
    const colIndex = toArray(elem.parentNode.childNodes).indexOf(elem);
    let key;
    if (elem.classList.contains('result')) {
        key = keyResult;
    } else if (elem.classList.contains('links')) {
        key = keyLink;
    } else {
        key = keyAlpha;
    }
    sortTable(elem, key(colIndex));
}

function showAllExtras() { // eslint-disable-line no-unused-vars
    findAll('.col-result').forEach(showExtras);
}

function hideAllExtras() { // eslint-disable-line no-unused-vars
    findAll('.col-result').forEach(hideExtras);
}

function showExtras(colresultElem) {
    const extras = colresultElem.parentNode.nextElementSibling;
    const expandcollapse = colresultElem.firstElementChild;
    extras.classList.remove('collapsed');
    expandcollapse.classList.remove('expander');
    expandcollapse.classList.add('collapser');
}

function hideExtras(colresultElem) {
    const extras = colresultElem.parentNode.nextElementSibling;
    const expandcollapse = colresultElem.firstElementChild;
    extras.classList.add('collapsed');
    expandcollapse.classList.remove('collapser');
    expandcollapse.classList.add('expander');
}

function showFilters() {
    const filterItems = document.getElementsByClassName('filter');
    for (let i = 0; i < filterItems.length; i++)
        filterItems[i].hidden = false;
}

function addCollapse() {
    // Add links for show/hide all
    const resulttable = find('table#results-table');
    const showhideall = document.createElement('p');
    showhideall.innerHTML = '<a href="javascript:showAllExtras()">Show all details</a> / ' +
                            '<a href="javascript:hideAllExtras()">Hide all details</a>';
    resulttable.parentElement.insertBefore(showhideall, resulttable);

    // Add show/hide link to each result
    findAll('.col-result').forEach(function(elem) {
        const collapsed = getQueryParameter('collapsed') || 'Passed';
        const extras = elem.parentNode.nextElementSibling;
        const expandcollapse = document.createElement('span');
        if (extras.classList.contains('collapsed')) {
            expandcollapse.classList.add('expander');
        } else if (collapsed.includes(elem.innerHTML)) {
            extras.classList.add('collapsed');
            expandcollapse.classList.add('expander');
        } else {
            expandcollapse.classList.add('collapser');
        }
        elem.appendChild(expandcollapse);

        elem.addEventListener('click', function(event) {
            if (event.currentTarget.parentNode.nextElementSibling.classList.contains('collapsed')) {
                showExtras(event.currentTarget);
            } else {
                hideExtras(event.currentTarget);
            }
        });
    });
}

function getQueryParameter(name) {
    const match = RegExp('[?&]' + name + '=([^&]*)').exec(window.location.search);
    return match && decodeURIComponent(match[1].replace(/\+/g, ' '));
}

function init () { // eslint-disable-line no-unused-vars
    resetSortHeaders();

    addCollapse();

    showFilters();

    sortColumn(find('.initial-sort'));

    findAll('.sortable').forEach(function(elem) {
        elem.addEventListener('click',
            function() {
                sortColumn(elem);
            }, false);
    });
}

function sortTable(clicked, keyFunc) {
    const rows = findAll('.results-table-row');
    const reversed = !clicked.classList.contains('asc');
    const sortedRows = sort(rows, keyFunc, reversed);
    /* Whole table is removed here because browsers acts much slower
     * when appending existing elements.
     */
    const thead = document.getElementById('results-table-head');
    document.getElementById('results-table').remove();
    const parent = document.createElement('table');
    parent.id = 'results-table';
    parent.appendChild(thead);
    sortedRows.forEach(function(elem) {
        parent.appendChild(elem);
    });
    document.getElementsByTagName('BODY')[0].appendChild(parent);
}

function sort(items, keyFunc, reversed) {
    const sortArray = items.map(function(item, i) {
        return [keyFunc(item), i];
    });

    sortArray.sort(function(a, b) {
        const keyA = a[0];
        const keyB = b[0];

        if (keyA == keyB) return 0;

        if (reversed) {
            return keyA < keyB ? 1 : -1;
        } else {
            return keyA > keyB ? 1 : -1;
        }
    });

    return sortArray.map(function(item) {
        const index = item[1];
        return items[index];
    });
}

function keyAlpha(colIndex) {
    return function(elem) {
        return elem.childNodes[1].childNodes[colIndex].firstChild.data.toLowerCase();
    };
}

function keyLink(colIndex) {
    return function(elem) {
        const dataCell = elem.childNodes[1].childNodes[colIndex].firstChild;
        return dataCell == null ? '' : dataCell.innerText.toLowerCase();
    };
}

function keyResult(colIndex) {
    return function(elem) {
        const strings = ['Error', 'Failed', 'Rerun', 'XFailed', 'XPassed',
            'Skipped', 'Passed'];
        return strings.indexOf(elem.childNodes[1].childNodes[colIndex].firstChild.data);
    };
}

function resetSortHeaders() {
    findAll('.sort-icon').forEach(function(elem) {
        elem.parentNode.removeChild(elem);
    });
    findAll('.sortable').forEach(function(elem) {
        const icon = document.createElement('div');
        icon.className = 'sort-icon';
        icon.textContent = 'vvv';
        elem.insertBefore(icon, elem.firstChild);
        elem.classList.remove('desc', 'active');
        elem.classList.add('asc', 'inactive');
    });
}

function toggleSortStates(elem) {
    //if active, toggle between asc and desc
    if (elem.classList.contains('active')) {
        elem.classList.toggle('asc');
        elem.classList.toggle('desc');
    }

    //if inactive, reset all other functions and add ascending active
    if (elem.classList.contains('inactive')) {
        resetSortHeaders();
        elem.classList.remove('inactive');
        elem.classList.add('active');
    }
}

function isAllRowsHidden(value) {
    return value.hidden == false;
}

function filterTable(elem) { // eslint-disable-line no-unused-vars
    const outcomeAtt = 'data-test-result';
    const outcome = elem.getAttribute(outcomeAtt);
    const classOutcome = outcome + ' results-table-row';
    const outcomeRows = document.getElementsByClassName(classOutcome);

    for(let i = 0; i < outcomeRows.length; i++){
        outcomeRows[i].hidden = !elem.checked;
    }

    const rows = findAll('.results-table-row').filter(isAllRowsHidden);
    const allRowsHidden = rows.length == 0 ? true : false;
    const notFoundMessage = document.getElementById('not-found-message');
    notFoundMessage.hidden = !allRowsHidden;
}
</script>
    <h1>testsuite1Report.html</h1>
    <p>Report generated on 16-Aug-2021 at 10:20:31 by <a href="https://pypi.python.org/pypi/pytest-html">pytest-html</a> v3.1.1</p>
    <h2>Environment</h2>
    <table id="environment">
      <tr>
        <td>JAVA_HOME</td>
        <td>C:\Program Files (x86)\Java</td></tr>
      <tr>
        <td>Packages</td>
        <td>{"pluggy": "0.13.1", "py": "1.10.0", "pytest": "6.2.4"}</td></tr>
      <tr>
        <td>Platform</td>
        <td>Windows-10-10.0.19041-SP0</td></tr>
      <tr>
        <td>Plugins</td>
        <td>{"forked": "1.3.0", "html": "3.1.1", "metadata": "1.11.0", "pytest_check": "1.0.2", "xdist": "2.3.0"}</td></tr>
      <tr>
        <td>Python</td>
        <td>3.9.4</td></tr></table>
    <h2>Summary</h2>
    <p>25 tests ran in 34.88 seconds. </p>
    <p class="filter" hidden="true">(Un)check the boxes to filter the results.</p><input checked="true" class="filter" data-test-result="passed" hidden="true" name="filter_checkbox" onChange="filterTable(this)" type="checkbox"/><span class="passed">17 passed</span>, <input checked="true" class="filter" data-test-result="skipped" disabled="true" hidden="true" name="filter_checkbox" onChange="filterTable(this)" type="checkbox"/><span class="skipped">0 skipped</span>, <input checked="true" class="filter" data-test-result="failed" hidden="true" name="filter_checkbox" onChange="filterTable(this)" type="checkbox"/><span class="failed">8 failed</span>, <input checked="true" class="filter" data-test-result="error" disabled="true" hidden="true" name="filter_checkbox" onChange="filterTable(this)" type="checkbox"/><span class="error">0 errors</span>, <input checked="true" class="filter" data-test-result="xfailed" disabled="true" hidden="true" name="filter_checkbox" onChange="filterTable(this)" type="checkbox"/><span class="xfailed">0 expected failures</span>, <input checked="true" class="filter" data-test-result="xpassed" disabled="true" hidden="true" name="filter_checkbox" onChange="filterTable(this)" type="checkbox"/><span class="xpassed">0 unexpected passes</span>
    <h2>Results</h2>
    <table id="results-table">
      <thead id="results-table-head">
        <tr>
          <th class="sortable result initial-sort" col="result">Result</th>
          <th class="sortable" col="name">Test</th>
          <th class="sortable" col="duration">Duration</th>
          <th class="sortable links" col="links">Links</th></tr>
        <tr hidden="true" id="not-found-message">
          <th colspan="4">No results found. Try to check the filters</th></tr></thead>
      <tbody class="failed results-table-row">
        <tr>
          <td class="col-result">Failed</td>
          <td class="col-name">test_suite1.py::test_check_empty_string_allowed_as_password</td>
          <td class="col-duration">5.19</td>
          <td class="col-links"></td></tr>
        <tr>
          <td class="extra" colspan="4">
            <div class="log">[gw4] win32 -- Python 3.9.4 c:\python39\python.exe<br/>[gw4] win32 -- Python 3.9.4 c:\python39\python.exe[gw4] win32 -- Python 3.9.4 c:\python39\python.exe<br/>FAILURE: Failure:empty string as password <br/>assert &#x27;200&#x27; != &#x27;200&#x27;<br/>test_suite1.py:202 in test_check_empty_string_allowed_as_password() -&gt; test_status = check.not_equal(str(res.status_code), &#x27;200&#x27;, &quot;Failure:empty string as password &quot;)<br/>------------------------------------------------------------<br/>Failed Checks: 1[gw4] win32 -- Python 3.9.4 c:\python39\python.exe<br/> ------------------------------Captured stdout call------------------------------ <br/>Testcase 2 Test to check that an empty string cannot be passed as a password
Password tried is : 
Status Code received is  200
FAIL: Empty string should not be allowed as a password
<br/></div></td></tr></tbody>
      <tbody class="failed results-table-row">
        <tr>
          <td class="col-result">Failed</td>
          <td class="col-name">test_suite1.py::test_string_with_special_character_allowed_as_password</td>
          <td class="col-duration">5.21</td>
          <td class="col-links"></td></tr>
        <tr>
          <td class="extra" colspan="4">
            <div class="log">[gw1] win32 -- Python 3.9.4 c:\python39\python.exe<br/>[gw1] win32 -- Python 3.9.4 c:\python39\python.exe[gw1] win32 -- Python 3.9.4 c:\python39\python.exe<br/>FAILURE: Failure:Invalid password with special characters is accepting as password <br/>assert &#x27;200&#x27; != &#x27;200&#x27;<br/>test_suite1.py:224 in test_string_with_special_character_allowed_as_password() -&gt; test_status = check.not_equal(str(res.status_code), &#x27;200&#x27;,<br/>------------------------------------------------------------<br/>Failed Checks: 1[gw1] win32 -- Python 3.9.4 c:\python39\python.exe<br/> ------------------------------Captured stdout call------------------------------ <br/>Testcase 3 Test to check that Invalid password with special characters as a password
Password tried is : ABC~!@$%^&amp;&amp;*()_+
Status Code Received is  200
FAIL: Invalid password with special characters is accepting as password
<br/></div></td></tr></tbody>
      <tbody class="failed results-table-row">
        <tr>
          <td class="col-result">Failed</td>
          <td class="col-name">test_suite1.py::test_check_post_hash_with_different_key_pass</td>
          <td class="col-duration">5.19</td>
          <td class="col-links"></td></tr>
        <tr>
          <td class="extra" colspan="4">
            <div class="log">[gw3] win32 -- Python 3.9.4 c:\python39\python.exe<br/>[gw3] win32 -- Python 3.9.4 c:\python39\python.exe[gw3] win32 -- Python 3.9.4 c:\python39\python.exe<br/>FAILURE: key pass in accepting in place of password<br/>assert &#x27;200&#x27; != &#x27;200&#x27;<br/>test_suite1.py:320 in test_check_post_hash_with_different_key_pass() -&gt; test_status = check.not_equal(str(res.status_code), &#x27;200&#x27;, &quot;key pass in accepting in place of password&quot;)<br/>------------------------------------------------------------<br/>Failed Checks: 1[gw3] win32 -- Python 3.9.4 c:\python39\python.exe<br/> ------------------------------Captured stdout call------------------------------ <br/>Testcase 3 Test to check that a key other than password cannot be passed in POST request to hash endpoint
Data used is: {&quot;pass&quot;: &quot;angrymonkey&quot;}
Status code received is:  200
FAIL: password should be the only key allowed in POST request to hash endpoint
<br/></div></td></tr></tbody>
      <tbody class="failed results-table-row">
        <tr>
          <td class="col-result">Failed</td>
          <td class="col-name">test_suite1.py::test_max_length_validation_for_password</td>
          <td class="col-duration">5.01</td>
          <td class="col-links"></td></tr>
        <tr>
          <td class="extra" colspan="4">
            <div class="log">[gw4] win32 -- Python 3.9.4 c:\python39\python.exe<br/>[gw4] win32 -- Python 3.9.4 c:\python39\python.exe[gw4] win32 -- Python 3.9.4 c:\python39\python.exe<br/>FAILURE: Failure:No max length defined for the password <br/>assert &#x27;200&#x27; != &#x27;200&#x27;<br/>test_suite1.py:248 in test_max_length_validation_for_password() -&gt; test_status = check.not_equal(str(res.status_code), &#x27;200&#x27;, &quot;Failure:No max length defined for the password &quot;)<br/>------------------------------------------------------------<br/>Failed Checks: 1[gw4] win32 -- Python 3.9.4 c:\python39\python.exe<br/> ------------------------------Captured stdout call------------------------------ <br/>Testcase 3 Test to check whether there is maximum length denfined for the password
Password tried is : asdasd~!@#@!#%^&amp;@#^*$&amp;@$*@(*)$!((()___*)_^&amp;^*ASDFSDGDGKDFGKDFGKFDXM,CVBVNdvnmxcmvb skdfjhsfhsjkfskfjskfskdfgkdkfgdl;fgjdflkgjdlfgkdlfgkjdlfkgjldkfjgdlkfjgldfkgjeroiutgkjdflkgjdflgkjdf;gjdfgdfgdkfgkldjfgldfjdlfgjl
Status Code Received is  200
FAIL: No max length defined for the password
<br/></div></td></tr></tbody>
      <tbody class="failed results-table-row">
        <tr>
          <td class="col-result">Failed</td>
          <td class="col-name">test_suite1.py::test_check_response_with_empty_key_in_place_of_password</td>
          <td class="col-duration">5.05</td>
          <td class="col-links"></td></tr>
        <tr>
          <td class="extra" colspan="4">
            <div class="log">[gw4] win32 -- Python 3.9.4 c:\python39\python.exe<br/>[gw4] win32 -- Python 3.9.4 c:\python39\python.exe[gw4] win32 -- Python 3.9.4 c:\python39\python.exe<br/>FAILURE: empty key  in accepting in place of password<br/>assert &#x27;200&#x27; != &#x27;200&#x27;<br/>test_suite1.py:393 in test_check_response_with_empty_key_in_place_of_password() -&gt; test_status = check.not_equal(str(res.status_code), &#x27;200&#x27;, &quot;empty key  in accepting in place of password&quot;)<br/>------------------------------------------------------------<br/>Failed Checks: 1[gw4] win32 -- Python 3.9.4 c:\python39\python.exe<br/> ------------------------------Captured stdout call------------------------------ <br/>Testcase 4 Test to check the response with empty key in place of password
Data used is: {&quot;&quot;: &quot;angrymonkey&quot;}
Status code received is:  200
PASS: Verified that that empty key cannot be passed in POST request to hash endpoint
<br/></div></td></tr></tbody>
      <tbody class="failed results-table-row">
        <tr>
          <td class="col-result">Failed</td>
          <td class="col-name">test_suite1.py::test_check_post_hash_with_different_key</td>
          <td class="col-duration">5.20</td>
          <td class="col-links"></td></tr>
        <tr>
          <td class="extra" colspan="4">
            <div class="log">[gw0] win32 -- Python 3.9.4 c:\python39\python.exe<br/>[gw0] win32 -- Python 3.9.4 c:\python39\python.exe[gw0] win32 -- Python 3.9.4 c:\python39\python.exe<br/>FAILURE: key other than password accepting in POST request to hash endpoint<br/>assert &#x27;200&#x27; != &#x27;200&#x27;<br/>test_suite1.py:295 in test_check_post_hash_with_different_key() -&gt; test_status = check.not_equal(str(res.status_code), &#x27;200&#x27;,<br/>------------------------------------------------------------<br/>Failed Checks: 1[gw0] win32 -- Python 3.9.4 c:\python39\python.exe<br/> ------------------------------Captured stdout call------------------------------ <br/>Testcase 3 Test to check that a key other than password cannot be passed in POST request to hash endpoint
Data used is:  {&quot;p&quot;: &quot;angrymonkey&quot;}
Status code received is:  200
FAIL: password should be the only key allowed in POST request to hash endpoint
<br/></div></td></tr></tbody>
      <tbody class="failed results-table-row">
        <tr>
          <td class="col-result">Failed</td>
          <td class="col-name">test_suite1.py::test_whether_stats_endpoint_supports_post</td>
          <td class="col-duration">0.04</td>
          <td class="col-links"></td></tr>
        <tr>
          <td class="extra" colspan="4">
            <div class="log">[gw1] win32 -- Python 3.9.4 c:\python39\python.exe<br/>[gw1] win32 -- Python 3.9.4 c:\python39\python.exe[gw1] win32 -- Python 3.9.4 c:\python39\python.exe<br/>FAILURE: FAIL:stats endpoint support POST request<br/>assert &#x27;200&#x27; != &#x27;200&#x27;<br/>test_suite1.py:462 in test_whether_stats_endpoint_supports_post() -&gt; test_status = check.not_equal(str(res.status_code), &#x27;200&#x27;, &quot;FAIL:stats endpoint support POST request&quot;)<br/>------------------------------------------------------------<br/>Failed Checks: 1[gw1] win32 -- Python 3.9.4 c:\python39\python.exe<br/> ------------------------------Captured stdout call------------------------------ <br/>Testcase 5 Test to check that whether stats endpoint support POST
Request is :  http://127.0.0.1:8088/stats  on POST
Response received is:  {&quot;TotalRequests&quot;:40,&quot;AverageTime&quot;:0}
Status Code received is:  200
FAIL: stats endpoint is supporting POST request
The stats endpoint should not support POST request
<br/></div></td></tr></tbody>
      <tbody class="failed results-table-row">
        <tr>
          <td class="col-result">Failed</td>
          <td class="col-name">test_suite1.py::test_check_whether_stats_endpoint_accept_parameters</td>
          <td class="col-duration">0.04</td>
          <td class="col-links"></td></tr>
        <tr>
          <td class="extra" colspan="4">
            <div class="log">[gw3] win32 -- Python 3.9.4 c:\python39\python.exe<br/>[gw3] win32 -- Python 3.9.4 c:\python39\python.exe[gw3] win32 -- Python 3.9.4 c:\python39\python.exe<br/>FAILURE: FAIL:stats endpoint support parameters on GET request<br/>assert &#x27;200&#x27; != &#x27;200&#x27;<br/>test_suite1.py:485 in test_check_whether_stats_endpoint_accept_parameters() -&gt; test_status = check.not_equal(str(res.status_code), &#x27;200&#x27;, &quot;FAIL:stats endpoint support parameters on GET request&quot;)<br/>------------------------------------------------------------<br/>Failed Checks: 1[gw3] win32 -- Python 3.9.4 c:\python39\python.exe<br/> ------------------------------Captured stdout call------------------------------ <br/>Testcase 5 Test to check that the stats endpoint does not support parameters on GET request
Request is  http://127.0.0.1:8088/stats?name1=value1&amp;name2=value2  on GET
Response received is:  {&quot;TotalRequests&quot;:40,&quot;AverageTime&quot;:0}
Status Code received is:  200
FAIL: stats endpoint is supporting parameters in GET request
The stats endpoint should not support parameters in GET request
<br/></div></td></tr></tbody>
      <tbody class="passed results-table-row">
        <tr>
          <td class="col-result">Passed</td>
          <td class="col-name">test_suite1.py::test_get_stats_status_code</td>
          <td class="col-duration">0.00</td>
          <td class="col-links"></td></tr>
        <tr>
          <td class="extra" colspan="4">
            <div class="log">[gw1] win32 -- Python 3.9.4 c:\python39\python.exe<br/>[gw1] win32 -- Python 3.9.4 c:\python39\python.exe[gw1] win32 -- Python 3.9.4 c:\python39\python.exe[gw1] win32 -- Python 3.9.4 c:\python39\python.exe<br/> ------------------------------Captured stdout call------------------------------ <br/>Testcase 1 - Test to verify the status code for stats endpoint
Status code is 200
PASS: Verified that status code for stats endpoint returns 200
<br/></div></td></tr></tbody>
      <tbody class="passed results-table-row">
        <tr>
          <td class="col-result">Passed</td>
          <td class="col-name">test_suite1.py::test_is_post_hash_supported</td>
          <td class="col-duration">5.01</td>
          <td class="col-links"></td></tr>
        <tr>
          <td class="extra" colspan="4">
            <div class="log">[gw3] win32 -- Python 3.9.4 c:\python39\python.exe<br/>[gw3] win32 -- Python 3.9.4 c:\python39\python.exe[gw3] win32 -- Python 3.9.4 c:\python39\python.exe[gw3] win32 -- Python 3.9.4 c:\python39\python.exe<br/> ------------------------------Captured stdout call------------------------------ <br/>Testcase 1  - This  is to test the application support /hash endpoint
Status code received is  200
Verified that the application supported hash endpoint
<br/></div></td></tr></tbody>
      <tbody class="passed results-table-row">
        <tr>
          <td class="col-result">Passed</td>
          <td class="col-name">test_suite1.py::test_ping_application_and_getresponse</td>
          <td class="col-duration">1.03</td>
          <td class="col-links"></td></tr>
        <tr>
          <td class="extra" colspan="4">
            <div class="log">[gw2] win32 -- Python 3.9.4 c:\python39\python.exe<br/>[gw2] win32 -- Python 3.9.4 c:\python39\python.exe[gw2] win32 -- Python 3.9.4 c:\python39\python.exe[gw2] win32 -- Python 3.9.4 c:\python39\python.exe<br/> ------------------------------Captured stdout call------------------------------ <br/>Testcase 1 - This test is to ping the application and get response
PASS: Verified that ping command is success and received the response
<br/></div></td></tr></tbody>
      <tbody class="passed results-table-row">
        <tr>
          <td class="col-result">Passed</td>
          <td class="col-name">test_suite1.py::test_check_empty_data_hash</td>
          <td class="col-duration">5.01</td>
          <td class="col-links"></td></tr>
        <tr>
          <td class="extra" colspan="4">
            <div class="log">[gw0] win32 -- Python 3.9.4 c:\python39\python.exe<br/>[gw0] win32 -- Python 3.9.4 c:\python39\python.exe[gw0] win32 -- Python 3.9.4 c:\python39\python.exe[gw0] win32 -- Python 3.9.4 c:\python39\python.exe<br/> ------------------------------Captured stdout call------------------------------ <br/>Testcase 1  Test to check that empty JSON cannot be passed in POST request to hash endpoint
Data used is  {}
Response displayed is : Malformed Input
 Status code is : 400
PASS: Verified that empty JSON cannot be passed in POST request to hash endpoint
<br/></div></td></tr></tbody>
      <tbody class="passed results-table-row">
        <tr>
          <td class="col-result">Passed</td>
          <td class="col-name">test_suite1.py::test_get_stats_no_body_verify_response_text</td>
          <td class="col-duration">0.00</td>
          <td class="col-links"></td></tr>
        <tr>
          <td class="extra" colspan="4">
            <div class="log">[gw4] win32 -- Python 3.9.4 c:\python39\python.exe<br/>[gw4] win32 -- Python 3.9.4 c:\python39\python.exe[gw4] win32 -- Python 3.9.4 c:\python39\python.exe[gw4] win32 -- Python 3.9.4 c:\python39\python.exe<br/> ------------------------------Captured stdout call------------------------------ <br/>Testcase 1 This test is verify the response when no body  is send in the request
Response Received is {&quot;TotalRequests&quot;:27,&quot;AverageTime&quot;:0}
PASS: Verified that response is displayed when no body is send in for stats end point
<br/></div></td></tr></tbody>
      <tbody class="passed results-table-row">
        <tr>
          <td class="col-result">Passed</td>
          <td class="col-name">test_suite1.py::test_check_if_job_identifier_is_returned_for_post_hash</td>
          <td class="col-duration">5.01</td>
          <td class="col-links"></td></tr>
        <tr>
          <td class="extra" colspan="4">
            <div class="log">[gw1] win32 -- Python 3.9.4 c:\python39\python.exe<br/>[gw1] win32 -- Python 3.9.4 c:\python39\python.exe[gw1] win32 -- Python 3.9.4 c:\python39\python.exe[gw1] win32 -- Python 3.9.4 c:\python39\python.exe<br/> ------------------------------Captured stdout call------------------------------ <br/>Testcase 2 Test to check that job identifier is returned when submitting POST request to hash endpoint
Status Code Received is 200
PASS: Verified that job identifier  27  is returned when submitting POST request to hash endpoint
<br/></div></td></tr></tbody>
      <tbody class="passed results-table-row">
        <tr>
          <td class="col-result">Passed</td>
          <td class="col-name">test_suite1.py::test_check_response_time_for_job_identifier</td>
          <td class="col-duration">5.01</td>
          <td class="col-links"></td></tr>
        <tr>
          <td class="extra" colspan="4">
            <div class="log">[gw2] win32 -- Python 3.9.4 c:\python39\python.exe<br/>[gw2] win32 -- Python 3.9.4 c:\python39\python.exe[gw2] win32 -- Python 3.9.4 c:\python39\python.exe[gw2] win32 -- Python 3.9.4 c:\python39\python.exe<br/> ------------------------------Captured stdout call------------------------------ <br/>Testcase 2 Test to check that job identifier is returned immediately when submitting POST request to hash endpoint
Start time is:  1629127199.050866
Response Time is:  5.015739440917969
5
PASS: Job identifier expected to return in less than 5 seconds
<br/></div></td></tr></tbody>
      <tbody class="passed results-table-row">
        <tr>
          <td class="col-result">Passed</td>
          <td class="col-name">test_suite1.py::test_verify_get_hash_endpoint_supported</td>
          <td class="col-duration">8.03</td>
          <td class="col-links"></td></tr>
        <tr>
          <td class="extra" colspan="4">
            <div class="log">[gw0] win32 -- Python 3.9.4 c:\python39\python.exe<br/>[gw0] win32 -- Python 3.9.4 c:\python39\python.exe[gw0] win32 -- Python 3.9.4 c:\python39\python.exe[gw0] win32 -- Python 3.9.4 c:\python39\python.exe<br/> ------------------------------Captured stdout call------------------------------ <br/>Testcase 2 Test to check that GET request to hash endpoint is supported
Status Code Received is  200
PASS: Verified that GET request to hash endpoint is supported
<br/></div></td></tr></tbody>
      <tbody class="passed results-table-row">
        <tr>
          <td class="col-result">Passed</td>
          <td class="col-name">test_suite1.py::test_verify_stats_endpoint_supported</td>
          <td class="col-duration">0.01</td>
          <td class="col-links"></td></tr>
        <tr>
          <td class="extra" colspan="4">
            <div class="log">[gw3] win32 -- Python 3.9.4 c:\python39\python.exe<br/>[gw3] win32 -- Python 3.9.4 c:\python39\python.exe[gw3] win32 -- Python 3.9.4 c:\python39\python.exe[gw3] win32 -- Python 3.9.4 c:\python39\python.exe<br/> ------------------------------Captured stdout call------------------------------ <br/>Testcase 2 Test to check that GET request to stats endpoint is supported
Status code received is  200
Response received is  {&quot;TotalRequests&quot;:31,&quot;AverageTime&quot;:0}
PASS: Verified that GET request to stats endpoint is supported
<br/></div></td></tr></tbody>
      <tbody class="passed results-table-row">
        <tr>
          <td class="col-result">Passed</td>
          <td class="col-name">test_suite1.py::test_check_post_hash_with_malformed_input</td>
          <td class="col-duration">5.00</td>
          <td class="col-links"></td></tr>
        <tr>
          <td class="extra" colspan="4">
            <div class="log">[gw2] win32 -- Python 3.9.4 c:\python39\python.exe<br/>[gw2] win32 -- Python 3.9.4 c:\python39\python.exe[gw2] win32 -- Python 3.9.4 c:\python39\python.exe[gw2] win32 -- Python 3.9.4 c:\python39\python.exe<br/> ------------------------------Captured stdout call------------------------------ <br/>Testcase 3 Test to check that malformed JSON cannot be passed in the POST request to hash endpoint
Data used is:  &quot;{\&quot;password\&quot;: \&quot;password\&quot;, }&quot;
Status code received is:  400
PASS: Verified that malformed JSON cannot be passed in the POST request to hash endpoint
<br/></div></td></tr></tbody>
      <tbody class="passed results-table-row">
        <tr>
          <td class="col-result">Passed</td>
          <td class="col-name">test_suite1.py::test_check_whether_key_can_be_passed_as_capital_letters</td>
          <td class="col-duration">5.00</td>
          <td class="col-links"></td></tr>
        <tr>
          <td class="extra" colspan="4">
            <div class="log">[gw1] win32 -- Python 3.9.4 c:\python39\python.exe<br/>[gw1] win32 -- Python 3.9.4 c:\python39\python.exe[gw1] win32 -- Python 3.9.4 c:\python39\python.exe[gw1] win32 -- Python 3.9.4 c:\python39\python.exe<br/> ------------------------------Captured stdout call------------------------------ <br/>Testcase 4 Test to check that a key passed in not case sensitive
Data used is: {&quot;PASSWORD&quot;: &quot;angrymonkey&quot;}
Status code received is:  200
PASS: Verified that that a key passed in UPPER CASE LETTERS in POST request to hash endpoint
<br/></div></td></tr></tbody>
      <tbody class="passed results-table-row">
        <tr>
          <td class="col-result">Passed</td>
          <td class="col-name">test_suite1.py::test_check_whether_key_password_can_be_passed_as_camelcase_letters</td>
          <td class="col-duration">5.00</td>
          <td class="col-links"></td></tr>
        <tr>
          <td class="extra" colspan="4">
            <div class="log">[gw3] win32 -- Python 3.9.4 c:\python39\python.exe<br/>[gw3] win32 -- Python 3.9.4 c:\python39\python.exe[gw3] win32 -- Python 3.9.4 c:\python39\python.exe[gw3] win32 -- Python 3.9.4 c:\python39\python.exe<br/> ------------------------------Captured stdout call------------------------------ <br/>Testcase 4 Test to check that a key passed in camelcase
Data used is: {&quot;PassWord&quot;: &quot;angrymonkey&quot;}
Status code received is:  200
PASS: Verified that that a key passed in Camel case letter in POST request to hash endpoint
<br/></div></td></tr></tbody>
      <tbody class="passed results-table-row">
        <tr>
          <td class="col-result">Passed</td>
          <td class="col-name">test_suite1.py::test_check_totalrequests_key_stats_response</td>
          <td class="col-duration">0.01</td>
          <td class="col-links"></td></tr>
        <tr>
          <td class="extra" colspan="4">
            <div class="log">[gw2] win32 -- Python 3.9.4 c:\python39\python.exe<br/>[gw2] win32 -- Python 3.9.4 c:\python39\python.exe[gw2] win32 -- Python 3.9.4 c:\python39\python.exe[gw2] win32 -- Python 3.9.4 c:\python39\python.exe<br/> ------------------------------Captured stdout call------------------------------ <br/>Testcase 4 Test to check that TotalRequests is a Key in JSON Response from stats endpoint
Response received is:  {&quot;TotalRequests&quot;:37,&quot;AverageTime&quot;:0}
Status Code received is:  200
PASS: Verified that TotalRequests is a Key in JSON Response from stats endpoint
<br/></div></td></tr></tbody>
      <tbody class="passed results-table-row">
        <tr>
          <td class="col-result">Passed</td>
          <td class="col-name">test_suite1.py::test_check_password_is_hashed_using_sha512_and_base64_encoding</td>
          <td class="col-duration">8.04</td>
          <td class="col-links"></td></tr>
        <tr>
          <td class="extra" colspan="4">
            <div class="log">[gw2] win32 -- Python 3.9.4 c:\python39\python.exe<br/>[gw2] win32 -- Python 3.9.4 c:\python39\python.exe[gw2] win32 -- Python 3.9.4 c:\python39\python.exe[gw2] win32 -- Python 3.9.4 c:\python39\python.exe<br/> ------------------------------Captured stdout call------------------------------ <br/>Testcase 5 Test to check that password is hashed using SHA512 hashing algorithm and base64 encoded.
Password to be encoded is  angrymonkey
Job identifier returned is  37
Get the encoded password for job id   NN0PAKtieayiTY8/Qd53AeMzHkbvZDdwYYiDnwtDdv/FIWvcy1sKCb7qi7Nu8Q8Cd/MqjQeyCI0pWKDGp74A1g==  from the applications is  37
Encoded value returned from using SHA512 algorithm and base64 encoded value for password  angrymonkey  is b&#x27;NN0PAKtieayiTY8/Qd53AeMzHkbvZDdwYYiDnwtDdv/FIWvcy1sKCb7qi7Nu8Q8Cd/MqjQeyCI0pWKDGp74A1g==&#x27;
PASS: Verified that password is hashed using SHA512 hashing algorithm and base64 encoding
<br/></div></td></tr></tbody>
      <tbody class="passed results-table-row">
        <tr>
          <td class="col-result">Passed</td>
          <td class="col-name">test_suite1.py::test_check_averagetime_key_stats_response</td>
          <td class="col-duration">0.00</td>
          <td class="col-links"></td></tr>
        <tr>
          <td class="extra" colspan="4">
            <div class="log">[gw4] win32 -- Python 3.9.4 c:\python39\python.exe<br/>[gw4] win32 -- Python 3.9.4 c:\python39\python.exe[gw4] win32 -- Python 3.9.4 c:\python39\python.exe[gw4] win32 -- Python 3.9.4 c:\python39\python.exe<br/> ------------------------------Captured stdout call------------------------------ <br/>Testcase 5 Test to check that AverageTime tag is key in JSON Response for stats endpoint
Response received is:  {&quot;TotalRequests&quot;:40,&quot;AverageTime&quot;:0}
Status Code received is:  200
PASS: Verified that AverageTime tag is key in JSON Response for stats endpoint
<br/></div></td></tr></tbody>
      <tbody class="passed results-table-row">
        <tr>
          <td class="col-result">Passed</td>
          <td class="col-name">test_suite1.py::test_parallel_get_requests_stats</td>
          <td class="col-duration">15.09</td>
          <td class="col-links"></td></tr>
        <tr>
          <td class="extra" colspan="4">
            <div class="log">[gw0] win32 -- Python 3.9.4 c:\python39\python.exe<br/>[gw0] win32 -- Python 3.9.4 c:\python39\python.exe[gw0] win32 -- Python 3.9.4 c:\python39\python.exe[gw0] win32 -- Python 3.9.4 c:\python39\python.exe<br/> ------------------------------Captured stdout call------------------------------ <br/>Testcase 4 Test to whether parallel requests are supported by the application
42
41
39
40
43
46
44
45
47
49
50
48
<br/></div></td></tr></tbody>
      <tbody class="passed results-table-row">
        <tr>
          <td class="col-result">Passed</td>
          <td class="col-name">test_suite1.py::test_gethash_nonexisting_jobidentifier</td>
          <td class="col-duration">3.01</td>
          <td class="col-links"></td></tr>
        <tr>
          <td class="extra" colspan="4">
            <div class="log">[gw2] win32 -- Python 3.9.4 c:\python39\python.exe<br/>[gw2] win32 -- Python 3.9.4 c:\python39\python.exe[gw2] win32 -- Python 3.9.4 c:\python39\python.exe[gw2] win32 -- Python 3.9.4 c:\python39\python.exe<br/> ------------------------------Captured stdout call------------------------------ <br/>Testcase 6 Test to check that GET request hash endpoint with a non existent job identifier is not supported.
Response received is  Hash not found

PASS: Verified that Has not found message is displayed when placing request with nonexisting job identifier  99999
<br/></div></td></tr></tbody></table></body></html>